[0.016s] Invoking command in '/home/pmlab/Documents/match_pm_robot_unity/build/com': /usr/bin/cmake /home/pmlab/Documents/match_pm_robot_unity/Library/PackageCache/com.unity.ide.visualstudio@2.0.18/Editor/COMIntegration/COMIntegration~ -DCMAKE_INSTALL_PREFIX=/home/pmlab/Documents/match_pm_robot_unity/install/com
[0.069s] -- The C compiler identification is GNU 11.4.0
[0.125s] -- The CXX compiler identification is GNU 11.4.0
[0.133s] -- Detecting C compiler ABI info
[0.196s] -- Detecting C compiler ABI info - done
[0.205s] -- Check for working C compiler: /usr/bin/cc - skipped
[0.206s] -- Detecting C compile features
[0.206s] -- Detecting C compile features - done
[0.209s] -- Detecting CXX compiler ABI info
[0.290s] -- Detecting CXX compiler ABI info - done
[0.300s] -- Check for working CXX compiler: /usr/bin/c++ - skipped
[0.301s] -- Detecting CXX compile features
[0.301s] -- Detecting CXX compile features - done
[0.302s] -- Configuring done
[0.304s] -- Generating done
[0.305s] -- Build files have been written to: /home/pmlab/Documents/match_pm_robot_unity/build/com
[0.308s] Invoked command in '/home/pmlab/Documents/match_pm_robot_unity/build/com' returned '0': /usr/bin/cmake /home/pmlab/Documents/match_pm_robot_unity/Library/PackageCache/com.unity.ide.visualstudio@2.0.18/Editor/COMIntegration/COMIntegration~ -DCMAKE_INSTALL_PREFIX=/home/pmlab/Documents/match_pm_robot_unity/install/com
[0.309s] Invoking command in '/home/pmlab/Documents/match_pm_robot_unity/build/com': /usr/bin/cmake --build /home/pmlab/Documents/match_pm_robot_unity/build/com -- -j12 -l12
[0.350s] [ 50%] [32mBuilding CXX object CMakeFiles/COMIntegration.dir/COMIntegration.cpp.o[0m
[0.390s] [01m[K/home/pmlab/Documents/match_pm_robot_unity/Library/PackageCache/com.unity.ide.visualstudio@2.0.18/Editor/COMIntegration/COMIntegration~/COMIntegration.cpp:11:10:[m[K [01;31m[Kfatal error: [m[Kwindows.h: No such file or directory
[0.391s]    11 | #include [01;31m[K<windows.h>[m[K
[0.391s]       |          [01;31m[K^~~~~~~~~~~[m[K
[0.391s] compilation terminated.
[0.392s] gmake[2]: *** [CMakeFiles/COMIntegration.dir/build.make:76: CMakeFiles/COMIntegration.dir/COMIntegration.cpp.o] Error 1
[0.392s] gmake[1]: *** [CMakeFiles/Makefile2:83: CMakeFiles/COMIntegration.dir/all] Error 2
[0.392s] gmake: *** [Makefile:91: all] Error 2
[0.402s] Invoked command in '/home/pmlab/Documents/match_pm_robot_unity/build/com' returned '2': /usr/bin/cmake --build /home/pmlab/Documents/match_pm_robot_unity/build/com -- -j12 -l12
