[0.018s] Invoking command in '/home/pmlab/Documents/match_pm_robot_unity/build/com': /usr/bin/cmake --build /home/pmlab/Documents/match_pm_robot_unity/build/com -- -j12 -l12
[0.051s] [ 50%] [32mBuilding CXX object CMakeFiles/COMIntegration.dir/COMIntegration.cpp.o[0m
[0.098s] [01m[K/home/pmlab/Documents/match_pm_robot_unity/Library/PackageCache/com.unity.ide.visualstudio@2.0.18/Editor/COMIntegration/COMIntegration~/COMIntegration.cpp:11:10:[m[K [01;31m[Kfatal error: [m[Kwindows.h: No such file or directory
[0.098s]    11 | #include [01;31m[K<windows.h>[m[K
[0.099s]       |          [01;31m[K^~~~~~~~~~~[m[K
[0.099s] compilation terminated.
[0.099s] gmake[2]: *** [CMakeFiles/COMIntegration.dir/build.make:76: CMakeFiles/COMIntegration.dir/COMIntegration.cpp.o] Error 1
[0.099s] gmake[1]: *** [CMakeFiles/Makefile2:83: CMakeFiles/COMIntegration.dir/all] Error 2
[0.100s] gmake: *** [Makefile:91: all] Error 2
[0.120s] Invoked command in '/home/pmlab/Documents/match_pm_robot_unity/build/com' returned '2': /usr/bin/cmake --build /home/pmlab/Documents/match_pm_robot_unity/build/com -- -j12 -l12
